<?xml version="1.0" encoding="UTF-8" ?>
<testsuite failures="0" time="0.093" errors="1" skipped="0" tests="1" name="br.ufpb.threadControl.messengerConcurrent.test.FacadeTest">
  <properties>
[...]
</properties>
  <testcase time="0" classname="br.ufpb.threadControl.messengerConcurrent.test.FacadeTest" name="br.ufpb.threadControl.messengerConcurrent.test.FacadeTest">
    <error message="No Persistence provider for EntityManager named messengerConcurrentPU" type="javax.persistence.PersistenceException">javax.persistence.PersistenceException: No Persistence provider for EntityManager named messengerConcurrentPU
	at javax.persistence.Persistence.createEntityManagerFactory(Persistence.java:69)
	at javax.persistence.Persistence.createEntityManagerFactory(Persistence.java:47)
	at br.ufpb.threadControl.messengerConcurrent.util.HibernateUtil.&lt;init&gt;(HibernateUtil.java:26)
	at br.ufpb.threadControl.messengerConcurrent.util.HibernateUtil.getInstance(HibernateUtil.java:37)
	at br.ufpb.threadControl.messengerConcurrent.test.FacadeTest.setUpBeforeClass(FacadeTest.java:92)
	at sun.reflect.NativeMethodAccessorImpl.invoke0(Native Method)
	at sun.reflect.NativeMethodAccessorImpl.invoke(NativeMethodAccessorImpl.java:39)
	at sun.reflect.DelegatingMethodAccessorImpl.invoke(DelegatingMethodAccessorImpl.java:25)
	at java.lang.reflect.Method.invoke(Method.java:597)
	at org.junit.runners.model.FrameworkMethod$1.runReflectiveCall(FrameworkMethod.java:45)
	at org.junit.internal.runners.model.ReflectiveCallable.run(ReflectiveCallable.java:15)
	at org.junit.runners.model.FrameworkMethod.invokeExplosively(FrameworkMethod.java:42)
	at org.junit.internal.runners.statements.RunBefores.evaluate(RunBefores.java:27)
	at org.junit.internal.runners.statements.RunAfters.evaluate(RunAfters.java:30)
	at org.junit.runners.ParentRunner.run(ParentRunner.java:300)
	at org.apache.maven.surefire.junit4.JUnit4TestSet.execute(JUnit4TestSet.java:35)
	at org.apache.maven.surefire.junit4.JUnit4Provider.executeTestSet(JUnit4Provider.java:115)
	at org.apache.maven.surefire.junit4.JUnit4Provider.invoke(JUnit4Provider.java:97)
	at sun.reflect.NativeMethodAccessorImpl.invoke0(Native Method)
	at sun.reflect.NativeMethodAccessorImpl.invoke(NativeMethodAccessorImpl.java:39)
	at sun.reflect.DelegatingMethodAccessorImpl.invoke(DelegatingMethodAccessorImpl.java:25)
	at java.lang.reflect.Method.invoke(Method.java:597)
	at org.apache.maven.surefire.booter.ProviderFactory$ClassLoaderProxy.invoke(ProviderFactory.java:103)
	at $Proxy0.invoke(Unknown Source)
	at org.apache.maven.surefire.booter.SurefireStarter.invokeProvider(SurefireStarter.java:150)
	at org.apache.maven.surefire.booter.SurefireStarter.runSuitesInProcess(SurefireStarter.java:91)
	at org.apache.maven.surefire.booter.ForkedBooter.main(ForkedBooter.java:69)
</error>
    <system-out>@HL
@HL-------------------------------------------------------
@HL T E S T S
@HL-------------------------------------------------------
@SLRunning br.ufpb.threadControl.messengerConcurrent.test.FacadeTest
Finished the test facade class!
</system-out>
  </testcase>
</testsuite>